ref	value	Field1
C2	10uF
C3	.1uF
C5	10uF
C6	.1uF
C7	2200uF
C8	10uF
C9	.1uF
C10	2200uF
C11	10uF
C12	.1uF
C15	100nF
C16	100nF
C17	100nF
C18	100nF
C19	.1uF
C20	.01uF
C21	470pF
C23	.1uF
C24	1.5nF
C25	100nF
C26	100nF
C27	100nF
C28	100nF
C29	100nf
C30	100nf
C31	100nf
C36	10pF
C37	10pF
C38	100nF
C39	10pF
C40	.1uF
C41	330pF
C42	.33uF
C43	10nF
C44	.1uF
C45	330pF
C46	.33uF
C47	10nF
C66	33nF
C67	22nF
C68	22nF
C73	1.5nF
C74	1.5nF
C75	33nF
C76	1.5nF
C77	1.5nF
C78	33nF
C79	1.5nF
C80	1.5nF
C81	33nF
C82	1.5nF
C83	1.5nF
C84	33nF
C85	100nf
C86	100nf
C87	100nf
C88	100nf
C89	100nf
C90	100nf
C91	100nf
C92	100nf
C93	3.3nF
C94	330pF
C95	100nF
C96	22pF
C97	22pF
C98	.1uF
C99	.1uF
C100	.1uF
C101	.1uF
C102	.1uF
C104	33nF
C105	0.1uF
C106	100nf
C107	.1uF
C108	.01uF
C109	1uF
C110	.01uF
C111	1uF
C112	.01uF
C113	1uF
C114	.01uF
C115	1uF
C116	.01uF
C117	1uF
C118	.01uF
C119	1uF
C120	.01uF
C121	1uF
C122	.01uF
C123	1uF
C124	C
D1	1N4007
D3	1N4007
D4	1N4007
D10	5V1
D12	5V1
D14	5V1
D16	5V1
D17	LED
D18	LED
D19	LED
D20	LED
D24	5V1
D26	5V1
D28	5V1
D30	5V1
D31	1N4148
D32	SCHOTTKY
D33	1N4148
D34	SCHOTTKY
D35	1N4148
D36	SCHOTTKY
D45	LED
D46	LED
D48	5V1
D49	LED
D50	LED
D51	LED
D58	1N4148
D59	SCHOTTKY
D60	1N4148
D61	SCHOTTKY
D62	1N4148
D63	SCHOTTKY
D64	1N4148
D65	SCHOTTKY
D66	1N4148
D67	SCHOTTKY
D68	1N4148
D69	SCHOTTKY
D70	1N4148
D71	SCHOTTKY
D72	1N4148
D73	SCHOTTKY
D74	1N4148
D75	SCHOTTKY
D76	DIODE
D77	DIODE
D78	DIODE
D79	DIODE
D82	LED
D83	LED
D84	33v 5w
D85	33v 5w
D86	33v 5w
D87	33v 5w
D88	33v 5w
D89	33v 5w
D90	33v 5w
D91	33v 5w
F1	2A
F3	10A
J1	USB_2
P2	CONN_1
P3	CONN_1
P4	CONN_1
P5	CONN_1
P6	CONN_1
P7	CONN_1
P8	CONN_1
P9	CONN_1
P10	CONN_1
P11	CONN_1
P12	CONN_1
P13	CONN_1
P18	CONN_1
P19	CONN_1
P20	CONN_1
P21	CONN_1
P22	CONN_1
P23	CONN_1
P24	CONN_1
P25	CONN_1
P26	CONN_1
P27	CONN_1
P29	CONN_1
P30	CONN_1
P31	CONN_1
P32	CONN_1
P34	CONN_1
P35	CONN_1
P36	CONN_1
P37	CONN_1
P38	CONN_1
P56	CONN_1
P57	CONN_1
P58	CONN_1
P59	CONN_1
P60	CONN_1
P61	CONN_1
P62	CONN_1
P63	CONN_1
P64	CONN_1
P65	CONN_1
P66	CONN_1
P67	CONN_1
P68	CONN_1
P69	CONN_1
P70	CONN_1
P71	CONN_4
P72	CONN_1
P73	CONN_1
P74	BDM
P75	CONN_1
P76	CONN_1
P77	CONN_1
P78	CONN_1
P79	CONN_1
P80	CONN_1
P81	CONN_1
P82	CONN_1
P83	CONN_1
P84	CONN_1
P85	CONN_1
P86	CONN_1
P87	CONN_1
P88	CONN_1
P89	CONN_1
P90	CONN_1
Q1	MOSFET_N
Q2	MOSFET_N
Q3	MOSFET_N
Q4	MOSFET_N
Q7	PIP-3104
Q8	PIP-3104
Q9	PIP-3104
Q10	2N6044
Q11	2N6044
Q12	2N6044
Q13	2N6044
Q14	2N6044
Q15	2N6044
Q16	2N6044
Q17	2N6044
R2	1R
R7	10k
R8	10k
R9	10k
R10	10k
R11	10k
R12	10k
R13	10k
R14	10k
R15	1k
R17	3k
R18	10k
R19	1k
R21	3k
R22	10k
R23	1k
R25	3k
R26	10k
R27	1k
R29	3k
R30	10k
R39	10k
R40	10k
R41	10k
R42	10k
R43	10k
R44	10k
R45	10k
R46	10k
R47	1k
R48	1k
R49	1k
R50	1k
R51	1k
R52	1k
R61	1k
R62	100k
R63	3k
R64	2.2k
R65	1k
R66	100k
R67	3k
R68	2.2k
R69	10k
R70	10k
R71	1k
R72	100k
R73	3k
R74	2.2k
R75	5k6
R77	10k
R78	1k
R79	0R
R80	3k
R81	1M6
R82	18k
R83	5k
R84	4k7
R85	13k
R86	18k
R87	22k
R88	3k3
R89	10k
R90	5k6
R92	10k
R93	1k
R94	0R
R95	3k
R96	1M6
R97	18k
R98	5k
R99	4k7
R100	13k
R101	18k
R102	22k
R103	3k3
R104	10k
R105	39k
R106	10k
R133	680k
R134	68k
R135	680k
R136	10k
R137	680k
R138	10k
R147	2.61k
R148	38.3k
R149	10k
R150	2.61k
R151	38.3k
R152	10k
R153	2.61k
R154	38.3k
R155	10k
R156	2.61k
R157	38.3k
R158	10k
R159	1k
R160	1k
R161	1k
R162	1k
R163	1k
R164	1k
R165	1k
R166	1k
R167	1k
R168	1k
R169	1k
R170	1k
R171	1k
R172	1k
R173	1k
R174	1k
R175	3.9K
R176	10M
R177	10k
R178	10k
R179	10k
R180	4.7K
R181	10k
R182	270R
R183	270R
R184	4.7k
R185	10k
R186	1k
R187	1k
R188	1k
R189	0.1 2W
R190	3.9k
R191	1k
R192	0.1 2W
R193	3.9k
R194	1k
R195	0.1 2W
R196	3.9k
R197	1k
R198	0.1 2W
R199	3.9k
R200	1k
R201	0.1 2W
R202	3.9k
R203	1k
R204	0.1 2W
R205	3.9k
R206	1k
R207	0.1 2W
R208	3.9k
R209	1k
R210	0.1 2W
R211	3.9k
U4	LM2940
U5	MPX4100A
U6	MPX4250A
U7	LM1815
U8	TL082CN
U9	LM1815
U16	LM2936
U17	MC9S12XDP512
U18	AD597
U19	SI846X
U20	FT232RL
U21	LM1949
U22	LM1949
U23	LM1949
U24	LM1949
U25	LM1949
U26	LM1949
U27	LM1949
U28	LM1949
X3	16MHz
